<?xml version="1.0" encoding="UTF-8"?>
<testsuite name="org.example.services.PersonFilterImplementationTest" tests="7" skipped="0" failures="0" errors="0" timestamp="2023-05-19T13:54:05" hostname="US-23L5TQ3" time="0.028">
  <properties/>
  <testcase name="validatePersonWith3Attitudes()" classname="org.example.services.PersonFilterImplementationTest" time="0.023"/>
  <testcase name="validatePersonWith2Attitudes()" classname="org.example.services.PersonFilterImplementationTest" time="0.001"/>
  <testcase name="validatePersonWith3AttitudesWithoutRespectful()" classname="org.example.services.PersonFilterImplementationTest" time="0.0"/>
  <testcase name="validatePersonWith3AttitudesWithoutKind()" classname="org.example.services.PersonFilterImplementationTest" time="0.0"/>
  <testcase name="validatePersonWith1Attitude()" classname="org.example.services.PersonFilterImplementationTest" time="0.001"/>
  <testcase name="validatePersonWithoutAttitudes()" classname="org.example.services.PersonFilterImplementationTest" time="0.0"/>
  <testcase name="validatePersonWithMoreThan3Attitudes()" classname="org.example.services.PersonFilterImplementationTest" time="0.0"/>
  <system-out><![CDATA[]]></system-out>
  <system-err><![CDATA[]]></system-err>
</testsuite>
